<?xml version="1.0" encoding="UTF-8"?>
<!-- Generated by org.testng.reporters.JUnitReportReporter -->
<testsuite hostname="Raashids-MacBook-Air.local" failures="0" tests="3" name="tests.LoginTest" time="28.063" errors="0" timestamp="2023-08-18T06:18:33 EDT" skipped="0">
  <testcase classname="tests.LoginTest" name="loginWithSpecialCharacters" time="10.321"/>
  <testcase classname="tests.LoginTest" name="loginWithEmptyUserTest" time="8.632"/>
  <testcase classname="tests.LoginTest" name="loginWithEmptyPassTest" time="9.110"/>
</testsuite> <!-- tests.LoginTest -->
