<?xml version="1.0" encoding="UTF-8"?>
<!-- Generated by org.testng.reporters.JUnitReportReporter -->
<testsuite hostname="Raashids-MacBook-Air.local" failures="0" tests="3" name="tests.LoginTest" time="16.814" errors="0" timestamp="21 Aug 2023 18:14:34 GMT" skipped="0">
  <testcase classname="tests.LoginTest" name="loginWithSpecialCharacters" time="5.651"/>
  <testcase classname="tests.LoginTest" name="loginWithEmptyUserTest" time="5.813"/>
  <testcase classname="tests.LoginTest" name="loginWithEmptyPassTest" time="5.350"/>
</testsuite> <!-- tests.LoginTest -->
